<?xml version="1.0" encoding="UTF-8"?>
<testsuite xmlns:xsi="http://www.w3.org/2001/XMLSchema-instance" xsi:noNamespaceSchemaLocation="https://maven.apache.org/surefire/maven-surefire-plugin/xsd/surefire-test-report.xsd" version="3.0.2" name="com.project.Readme.ReadmeApplicationTests" time="11.307" tests="1" errors="0" skipped="0" failures="0">
  <properties>
    <property name="java.specification.version" value="17"/>
    <property name="sun.cpu.isalist" value="amd64"/>
    <property name="sun.jnu.encoding" value="Cp1252"/>
    <property name="java.class.path" value="C:\D-Drive\College project\Readme\target\test-classes;C:\D-Drive\College project\Readme\target\classes;C:\Users\Aarish sheikh\.m2\repository\org\springframework\boot\spring-boot-starter-data-mongodb\3.5.4\spring-boot-starter-data-mongodb-3.5.4.jar;C:\Users\Aarish sheikh\.m2\repository\org\springframework\boot\spring-boot-starter\3.5.4\spring-boot-starter-3.5.4.jar;C:\Users\Aarish sheikh\.m2\repository\org\springframework\boot\spring-boot\3.5.4\spring-boot-3.5.4.jar;C:\Users\Aarish sheikh\.m2\repository\org\springframework\boot\spring-boot-autoconfigure\3.5.4\spring-boot-autoconfigure-3.5.4.jar;C:\Users\Aarish sheikh\.m2\repository\org\springframework\boot\spring-boot-starter-logging\3.5.4\spring-boot-starter-logging-3.5.4.jar;C:\Users\Aarish sheikh\.m2\repository\ch\qos\logback\logback-classic\1.5.18\logback-classic-1.5.18.jar;C:\Users\Aarish sheikh\.m2\repository\ch\qos\logback\logback-core\1.5.18\logback-core-1.5.18.jar;C:\Users\Aarish sheikh\.m2\repository\org\apache\logging\log4j\log4j-to-slf4j\2.24.3\log4j-to-slf4j-2.24.3.jar;C:\Users\Aarish sheikh\.m2\repository\org\apache\logging\log4j\log4j-api\2.24.3\log4j-api-2.24.3.jar;C:\Users\Aarish sheikh\.m2\repository\org\slf4j\jul-to-slf4j\2.0.17\jul-to-slf4j-2.0.17.jar;C:\Users\Aarish sheikh\.m2\repository\jakarta\annotation\jakarta.annotation-api\2.1.1\jakarta.annotation-api-2.1.1.jar;C:\Users\Aarish sheikh\.m2\repository\org\yaml\snakeyaml\2.4\snakeyaml-2.4.jar;C:\Users\Aarish sheikh\.m2\repository\org\mongodb\mongodb-driver-sync\5.5.1\mongodb-driver-sync-5.5.1.jar;C:\Users\Aarish sheikh\.m2\repository\org\mongodb\bson\5.5.1\bson-5.5.1.jar;C:\Users\Aarish sheikh\.m2\repository\org\mongodb\mongodb-driver-core\5.5.1\mongodb-driver-core-5.5.1.jar;C:\Users\Aarish sheikh\.m2\repository\org\mongodb\bson-record-codec\5.5.1\bson-record-codec-5.5.1.jar;C:\Users\Aarish sheikh\.m2\repository\org\springframework\data\spring-data-mongodb\4.5.2\spring-data-mongodb-4.5.2.jar;C:\Users\Aarish sheikh\.m2\repository\org\springframework\spring-tx\6.2.9\spring-tx-6.2.9.jar;C:\Users\Aarish sheikh\.m2\repository\org\springframework\spring-context\6.2.9\spring-context-6.2.9.jar;C:\Users\Aarish sheikh\.m2\repository\org\springframework\spring-beans\6.2.9\spring-beans-6.2.9.jar;C:\Users\Aarish sheikh\.m2\repository\org\springframework\spring-expression\6.2.9\spring-expression-6.2.9.jar;C:\Users\Aarish sheikh\.m2\repository\org\springframework\data\spring-data-commons\3.5.2\spring-data-commons-3.5.2.jar;C:\Users\Aarish sheikh\.m2\repository\org\slf4j\slf4j-api\2.0.17\slf4j-api-2.0.17.jar;C:\Users\Aarish sheikh\.m2\repository\org\springframework\boot\spring-boot-starter-oauth2-client\3.5.4\spring-boot-starter-oauth2-client-3.5.4.jar;C:\Users\Aarish sheikh\.m2\repository\org\springframework\security\spring-security-config\6.5.2\spring-security-config-6.5.2.jar;C:\Users\Aarish sheikh\.m2\repository\org\springframework\security\spring-security-core\6.5.2\spring-security-core-6.5.2.jar;C:\Users\Aarish sheikh\.m2\repository\org\springframework\security\spring-security-crypto\6.5.2\spring-security-crypto-6.5.2.jar;C:\Users\Aarish sheikh\.m2\repository\io\micrometer\micrometer-observation\1.15.2\micrometer-observation-1.15.2.jar;C:\Users\Aarish sheikh\.m2\repository\io\micrometer\micrometer-commons\1.15.2\micrometer-commons-1.15.2.jar;C:\Users\Aarish sheikh\.m2\repository\org\springframework\security\spring-security-oauth2-client\6.5.2\spring-security-oauth2-client-6.5.2.jar;C:\Users\Aarish sheikh\.m2\repository\org\springframework\security\spring-security-oauth2-core\6.5.2\spring-security-oauth2-core-6.5.2.jar;C:\Users\Aarish sheikh\.m2\repository\com\nimbusds\oauth2-oidc-sdk\9.43.6\oauth2-oidc-sdk-9.43.6.jar;C:\Users\Aarish sheikh\.m2\repository\com\github\stephenc\jcip\jcip-annotations\1.0-1\jcip-annotations-1.0-1.jar;C:\Users\Aarish sheikh\.m2\repository\com\nimbusds\content-type\2.2\content-type-2.2.jar;C:\Users\Aarish sheikh\.m2\repository\com\nimbusds\lang-tag\1.7\lang-tag-1.7.jar;C:\Users\Aarish sheikh\.m2\repository\org\springframework\security\spring-security-oauth2-jose\6.5.2\spring-security-oauth2-jose-6.5.2.jar;C:\Users\Aarish sheikh\.m2\repository\com\nimbusds\nimbus-jose-jwt\9.37.3\nimbus-jose-jwt-9.37.3.jar;C:\Users\Aarish sheikh\.m2\repository\org\springframework\boot\spring-boot-starter-security\3.5.4\spring-boot-starter-security-3.5.4.jar;C:\Users\Aarish sheikh\.m2\repository\org\springframework\spring-aop\6.2.9\spring-aop-6.2.9.jar;C:\Users\Aarish sheikh\.m2\repository\org\springframework\security\spring-security-web\6.5.2\spring-security-web-6.5.2.jar;C:\Users\Aarish sheikh\.m2\repository\org\springframework\boot\spring-boot-starter-web\3.5.4\spring-boot-starter-web-3.5.4.jar;C:\Users\Aarish sheikh\.m2\repository\org\springframework\boot\spring-boot-starter-json\3.5.4\spring-boot-starter-json-3.5.4.jar;C:\Users\Aarish sheikh\.m2\repository\com\fasterxml\jackson\module\jackson-module-parameter-names\2.19.2\jackson-module-parameter-names-2.19.2.jar;C:\Users\Aarish sheikh\.m2\repository\org\springframework\boot\spring-boot-starter-tomcat\3.5.4\spring-boot-starter-tomcat-3.5.4.jar;C:\Users\Aarish sheikh\.m2\repository\org\apache\tomcat\embed\tomcat-embed-core\10.1.43\tomcat-embed-core-10.1.43.jar;C:\Users\Aarish sheikh\.m2\repository\org\apache\tomcat\embed\tomcat-embed-el\10.1.43\tomcat-embed-el-10.1.43.jar;C:\Users\Aarish sheikh\.m2\repository\org\apache\tomcat\embed\tomcat-embed-websocket\10.1.43\tomcat-embed-websocket-10.1.43.jar;C:\Users\Aarish sheikh\.m2\repository\org\springframework\spring-web\6.2.9\spring-web-6.2.9.jar;C:\Users\Aarish sheikh\.m2\repository\org\springframework\spring-webmvc\6.2.9\spring-webmvc-6.2.9.jar;C:\Users\Aarish sheikh\.m2\repository\org\springframework\boot\spring-boot-starter-webflux\3.5.4\spring-boot-starter-webflux-3.5.4.jar;C:\Users\Aarish sheikh\.m2\repository\org\springframework\boot\spring-boot-starter-reactor-netty\3.5.4\spring-boot-starter-reactor-netty-3.5.4.jar;C:\Users\Aarish sheikh\.m2\repository\io\projectreactor\netty\reactor-netty-http\1.2.8\reactor-netty-http-1.2.8.jar;C:\Users\Aarish sheikh\.m2\repository\io\netty\netty-codec-http\4.1.123.Final\netty-codec-http-4.1.123.Final.jar;C:\Users\Aarish sheikh\.m2\repository\io\netty\netty-common\4.1.123.Final\netty-common-4.1.123.Final.jar;C:\Users\Aarish sheikh\.m2\repository\io\netty\netty-buffer\4.1.123.Final\netty-buffer-4.1.123.Final.jar;C:\Users\Aarish sheikh\.m2\repository\io\netty\netty-transport\4.1.123.Final\netty-transport-4.1.123.Final.jar;C:\Users\Aarish sheikh\.m2\repository\io\netty\netty-codec\4.1.123.Final\netty-codec-4.1.123.Final.jar;C:\Users\Aarish sheikh\.m2\repository\io\netty\netty-handler\4.1.123.Final\netty-handler-4.1.123.Final.jar;C:\Users\Aarish sheikh\.m2\repository\io\netty\netty-codec-http2\4.1.123.Final\netty-codec-http2-4.1.123.Final.jar;C:\Users\Aarish sheikh\.m2\repository\io\netty\netty-resolver-dns\4.1.123.Final\netty-resolver-dns-4.1.123.Final.jar;C:\Users\Aarish sheikh\.m2\repository\io\netty\netty-resolver\4.1.123.Final\netty-resolver-4.1.123.Final.jar;C:\Users\Aarish sheikh\.m2\repository\io\netty\netty-codec-dns\4.1.123.Final\netty-codec-dns-4.1.123.Final.jar;C:\Users\Aarish sheikh\.m2\repository\io\netty\netty-resolver-dns-native-macos\4.1.123.Final\netty-resolver-dns-native-macos-4.1.123.Final-osx-x86_64.jar;C:\Users\Aarish sheikh\.m2\repository\io\netty\netty-resolver-dns-classes-macos\4.1.123.Final\netty-resolver-dns-classes-macos-4.1.123.Final.jar;C:\Users\Aarish sheikh\.m2\repository\io\netty\netty-transport-native-epoll\4.1.123.Final\netty-transport-native-epoll-4.1.123.Final-linux-x86_64.jar;C:\Users\Aarish sheikh\.m2\repository\io\netty\netty-transport-native-unix-common\4.1.123.Final\netty-transport-native-unix-common-4.1.123.Final.jar;C:\Users\Aarish sheikh\.m2\repository\io\netty\netty-transport-classes-epoll\4.1.123.Final\netty-transport-classes-epoll-4.1.123.Final.jar;C:\Users\Aarish sheikh\.m2\repository\io\projectreactor\netty\reactor-netty-core\1.2.8\reactor-netty-core-1.2.8.jar;C:\Users\Aarish sheikh\.m2\repository\io\netty\netty-handler-proxy\4.1.123.Final\netty-handler-proxy-4.1.123.Final.jar;C:\Users\Aarish sheikh\.m2\repository\io\netty\netty-codec-socks\4.1.123.Final\netty-codec-socks-4.1.123.Final.jar;C:\Users\Aarish sheikh\.m2\repository\org\springframework\spring-webflux\6.2.9\spring-webflux-6.2.9.jar;C:\Users\Aarish sheikh\.m2\repository\io\projectreactor\reactor-core\3.7.8\reactor-core-3.7.8.jar;C:\Users\Aarish sheikh\.m2\repository\org\reactivestreams\reactive-streams\1.0.4\reactive-streams-1.0.4.jar;C:\Users\Aarish sheikh\.m2\repository\com\google\genai\google-genai\1.9.0\google-genai-1.9.0.jar;C:\Users\Aarish sheikh\.m2\repository\com\google\auth\google-auth-library-oauth2-http\1.33.0\google-auth-library-oauth2-http-1.33.0.jar;C:\Users\Aarish sheikh\.m2\repository\com\google\auto\value\auto-value-annotations\1.11.0\auto-value-annotations-1.11.0.jar;C:\Users\Aarish sheikh\.m2\repository\com\google\code\findbugs\jsr305\3.0.2\jsr305-3.0.2.jar;C:\Users\Aarish sheikh\.m2\repository\com\google\auth\google-auth-library-credentials\1.33.0\google-auth-library-credentials-1.33.0.jar;C:\Users\Aarish sheikh\.m2\repository\com\google\http-client\google-http-client\1.46.2\google-http-client-1.46.2.jar;C:\Users\Aarish sheikh\.m2\repository\io\grpc\grpc-context\1.70.0\grpc-context-1.70.0.jar;C:\Users\Aarish sheikh\.m2\repository\io\grpc\grpc-api\1.70.0\grpc-api-1.70.0.jar;C:\Users\Aarish sheikh\.m2\repository\io\opencensus\opencensus-api\0.31.1\opencensus-api-0.31.1.jar;C:\Users\Aarish sheikh\.m2\repository\io\opencensus\opencensus-contrib-http-util\0.31.1\opencensus-contrib-http-util-0.31.1.jar;C:\Users\Aarish sheikh\.m2\repository\com\google\http-client\google-http-client-gson\1.46.2\google-http-client-gson-1.46.2.jar;C:\Users\Aarish sheikh\.m2\repository\com\google\guava\guava\33.4.0-android\guava-33.4.0-android.jar;C:\Users\Aarish sheikh\.m2\repository\com\google\guava\failureaccess\1.0.2\failureaccess-1.0.2.jar;C:\Users\Aarish sheikh\.m2\repository\com\google\guava\listenablefuture\9999.0-empty-to-avoid-conflict-with-guava\listenablefuture-9999.0-empty-to-avoid-conflict-with-guava.jar;C:\Users\Aarish sheikh\.m2\repository\org\checkerframework\checker-qual\3.43.0\checker-qual-3.43.0.jar;C:\Users\Aarish sheikh\.m2\repository\com\google\errorprone\error_prone_annotations\2.36.0\error_prone_annotations-2.36.0.jar;C:\Users\Aarish sheikh\.m2\repository\com\google\code\gson\gson\2.13.1\gson-2.13.1.jar;C:\Users\Aarish sheikh\.m2\repository\org\apache\httpcomponents\httpclient\4.5.14\httpclient-4.5.14.jar;C:\Users\Aarish sheikh\.m2\repository\org\apache\httpcomponents\httpcore\4.4.16\httpcore-4.4.16.jar;C:\Users\Aarish sheikh\.m2\repository\commons-logging\commons-logging\1.2\commons-logging-1.2.jar;C:\Users\Aarish sheikh\.m2\repository\commons-codec\commons-codec\1.18.0\commons-codec-1.18.0.jar;C:\Users\Aarish sheikh\.m2\repository\com\google\auto\value\auto-value\1.11.0\auto-value-1.11.0.jar;C:\Users\Aarish sheikh\.m2\repository\com\google\api\api-common\2.47.0\api-common-2.47.0.jar;C:\Users\Aarish sheikh\.m2\repository\javax\annotation\javax.annotation-api\1.3.2\javax.annotation-api-1.3.2.jar;C:\Users\Aarish sheikh\.m2\repository\com\google\j2objc\j2objc-annotations\3.0.0\j2objc-annotations-3.0.0.jar;C:\Users\Aarish sheikh\.m2\repository\com\fasterxml\jackson\core\jackson-databind\2.19.2\jackson-databind-2.19.2.jar;C:\Users\Aarish sheikh\.m2\repository\com\fasterxml\jackson\core\jackson-annotations\2.19.2\jackson-annotations-2.19.2.jar;C:\Users\Aarish sheikh\.m2\repository\com\fasterxml\jackson\core\jackson-core\2.19.2\jackson-core-2.19.2.jar;C:\Users\Aarish sheikh\.m2\repository\com\fasterxml\jackson\datatype\jackson-datatype-jdk8\2.19.2\jackson-datatype-jdk8-2.19.2.jar;C:\Users\Aarish sheikh\.m2\repository\com\fasterxml\jackson\datatype\jackson-datatype-jsr310\2.19.2\jackson-datatype-jsr310-2.19.2.jar;C:\Users\Aarish sheikh\.m2\repository\org\java-websocket\Java-WebSocket\1.6.0\Java-WebSocket-1.6.0.jar;C:\Users\Aarish sheikh\.m2\repository\com\squareup\okhttp3\okhttp\4.12.0\okhttp-4.12.0.jar;C:\Users\Aarish sheikh\.m2\repository\com\squareup\okio\okio\3.6.0\okio-3.6.0.jar;C:\Users\Aarish sheikh\.m2\repository\com\squareup\okio\okio-jvm\3.6.0\okio-jvm-3.6.0.jar;C:\Users\Aarish sheikh\.m2\repository\org\jspecify\jspecify\1.0.0\jspecify-1.0.0.jar;C:\Users\Aarish sheikh\.m2\repository\org\jetbrains\kotlin\kotlin-stdlib-jdk8\1.9.25\kotlin-stdlib-jdk8-1.9.25.jar;C:\Users\Aarish sheikh\.m2\repository\org\jetbrains\kotlin\kotlin-stdlib-jdk7\1.9.25\kotlin-stdlib-jdk7-1.9.25.jar;C:\Users\Aarish sheikh\.m2\repository\org\springframework\boot\spring-boot-starter-test\3.5.4\spring-boot-starter-test-3.5.4.jar;C:\Users\Aarish sheikh\.m2\repository\org\springframework\boot\spring-boot-test\3.5.4\spring-boot-test-3.5.4.jar;C:\Users\Aarish sheikh\.m2\repository\org\springframework\boot\spring-boot-test-autoconfigure\3.5.4\spring-boot-test-autoconfigure-3.5.4.jar;C:\Users\Aarish sheikh\.m2\repository\com\jayway\jsonpath\json-path\2.9.0\json-path-2.9.0.jar;C:\Users\Aarish sheikh\.m2\repository\jakarta\xml\bind\jakarta.xml.bind-api\4.0.2\jakarta.xml.bind-api-4.0.2.jar;C:\Users\Aarish sheikh\.m2\repository\jakarta\activation\jakarta.activation-api\2.1.3\jakarta.activation-api-2.1.3.jar;C:\Users\Aarish sheikh\.m2\repository\net\minidev\json-smart\2.5.2\json-smart-2.5.2.jar;C:\Users\Aarish sheikh\.m2\repository\net\minidev\accessors-smart\2.5.2\accessors-smart-2.5.2.jar;C:\Users\Aarish sheikh\.m2\repository\org\ow2\asm\asm\9.7.1\asm-9.7.1.jar;C:\Users\Aarish sheikh\.m2\repository\org\assertj\assertj-core\3.27.3\assertj-core-3.27.3.jar;C:\Users\Aarish sheikh\.m2\repository\net\bytebuddy\byte-buddy\1.17.6\byte-buddy-1.17.6.jar;C:\Users\Aarish sheikh\.m2\repository\org\awaitility\awaitility\4.2.2\awaitility-4.2.2.jar;C:\Users\Aarish sheikh\.m2\repository\org\hamcrest\hamcrest\3.0\hamcrest-3.0.jar;C:\Users\Aarish sheikh\.m2\repository\org\junit\jupiter\junit-jupiter\5.12.2\junit-jupiter-5.12.2.jar;C:\Users\Aarish sheikh\.m2\repository\org\junit\jupiter\junit-jupiter-api\5.12.2\junit-jupiter-api-5.12.2.jar;C:\Users\Aarish sheikh\.m2\repository\org\opentest4j\opentest4j\1.3.0\opentest4j-1.3.0.jar;C:\Users\Aarish sheikh\.m2\repository\org\junit\platform\junit-platform-commons\1.12.2\junit-platform-commons-1.12.2.jar;C:\Users\Aarish sheikh\.m2\repository\org\apiguardian\apiguardian-api\1.1.2\apiguardian-api-1.1.2.jar;C:\Users\Aarish sheikh\.m2\repository\org\junit\jupiter\junit-jupiter-params\5.12.2\junit-jupiter-params-5.12.2.jar;C:\Users\Aarish sheikh\.m2\repository\org\junit\jupiter\junit-jupiter-engine\5.12.2\junit-jupiter-engine-5.12.2.jar;C:\Users\Aarish sheikh\.m2\repository\org\junit\platform\junit-platform-engine\1.12.2\junit-platform-engine-1.12.2.jar;C:\Users\Aarish sheikh\.m2\repository\org\mockito\mockito-core\5.17.0\mockito-core-5.17.0.jar;C:\Users\Aarish sheikh\.m2\repository\net\bytebuddy\byte-buddy-agent\1.17.6\byte-buddy-agent-1.17.6.jar;C:\Users\Aarish sheikh\.m2\repository\org\objenesis\objenesis\3.3\objenesis-3.3.jar;C:\Users\Aarish sheikh\.m2\repository\org\mockito\mockito-junit-jupiter\5.17.0\mockito-junit-jupiter-5.17.0.jar;C:\Users\Aarish sheikh\.m2\repository\org\skyscreamer\jsonassert\1.5.3\jsonassert-1.5.3.jar;C:\Users\Aarish sheikh\.m2\repository\com\vaadin\external\google\android-json\0.0.20131108.vaadin1\android-json-0.0.20131108.vaadin1.jar;C:\Users\Aarish sheikh\.m2\repository\org\springframework\spring-core\6.2.9\spring-core-6.2.9.jar;C:\Users\Aarish sheikh\.m2\repository\org\springframework\spring-jcl\6.2.9\spring-jcl-6.2.9.jar;C:\Users\Aarish sheikh\.m2\repository\org\springframework\spring-test\6.2.9\spring-test-6.2.9.jar;C:\Users\Aarish sheikh\.m2\repository\org\xmlunit\xmlunit-core\2.10.3\xmlunit-core-2.10.3.jar;C:\Users\Aarish sheikh\.m2\repository\org\springframework\security\spring-security-test\6.5.2\spring-security-test-6.5.2.jar;C:\Users\Aarish sheikh\.m2\repository\io\jsonwebtoken\jjwt-api\0.11.5\jjwt-api-0.11.5.jar;C:\Users\Aarish sheikh\.m2\repository\io\jsonwebtoken\jjwt-impl\0.11.5\jjwt-impl-0.11.5.jar;C:\Users\Aarish sheikh\.m2\repository\io\jsonwebtoken\jjwt-jackson\0.11.5\jjwt-jackson-0.11.5.jar;C:\Users\Aarish sheikh\.m2\repository\dev\shreyaspatil\generativeai\generativeai-google-jvm\0.9.0-1.0.1\generativeai-google-jvm-0.9.0-1.0.1.jar;C:\Users\Aarish sheikh\.m2\repository\org\jetbrains\kotlin\kotlin-stdlib\1.9.25\kotlin-stdlib-1.9.25.jar;C:\Users\Aarish sheikh\.m2\repository\org\jetbrains\annotations\13.0\annotations-13.0.jar;C:\Users\Aarish sheikh\.m2\repository\dev\shreyaspatil\generativeai\common-jvm\0.9.0-1.0.1\common-jvm-0.9.0-1.0.1.jar;C:\Users\Aarish sheikh\.m2\repository\io\ktor\ktor-client-okhttp-jvm\2.3.7\ktor-client-okhttp-jvm-2.3.7.jar;C:\Users\Aarish sheikh\.m2\repository\org\jetbrains\kotlinx\kotlinx-coroutines-jdk8\1.8.1\kotlinx-coroutines-jdk8-1.8.1.jar;C:\Users\Aarish sheikh\.m2\repository\io\ktor\ktor-client-core-jvm\2.3.7\ktor-client-core-jvm-2.3.7.jar;C:\Users\Aarish sheikh\.m2\repository\io\ktor\ktor-http-jvm\2.3.7\ktor-http-jvm-2.3.7.jar;C:\Users\Aarish sheikh\.m2\repository\io\ktor\ktor-utils-jvm\2.3.7\ktor-utils-jvm-2.3.7.jar;C:\Users\Aarish sheikh\.m2\repository\io\ktor\ktor-io-jvm\2.3.7\ktor-io-jvm-2.3.7.jar;C:\Users\Aarish sheikh\.m2\repository\io\ktor\ktor-events-jvm\2.3.7\ktor-events-jvm-2.3.7.jar;C:\Users\Aarish sheikh\.m2\repository\io\ktor\ktor-websocket-serialization-jvm\2.3.7\ktor-websocket-serialization-jvm-2.3.7.jar;C:\Users\Aarish sheikh\.m2\repository\org\jetbrains\kotlinx\kotlinx-coroutines-slf4j\1.8.1\kotlinx-coroutines-slf4j-1.8.1.jar;C:\Users\Aarish sheikh\.m2\repository\io\ktor\ktor-client-content-negotiation-jvm\2.3.7\ktor-client-content-negotiation-jvm-2.3.7.jar;C:\Users\Aarish sheikh\.m2\repository\io\ktor\ktor-serialization-jvm\2.3.7\ktor-serialization-jvm-2.3.7.jar;C:\Users\Aarish sheikh\.m2\repository\io\ktor\ktor-websockets-jvm\2.3.7\ktor-websockets-jvm-2.3.7.jar;C:\Users\Aarish sheikh\.m2\repository\io\ktor\ktor-serialization-kotlinx-json-jvm\2.3.7\ktor-serialization-kotlinx-json-jvm-2.3.7.jar;C:\Users\Aarish sheikh\.m2\repository\io\ktor\ktor-serialization-kotlinx-jvm\2.3.7\ktor-serialization-kotlinx-jvm-2.3.7.jar;C:\Users\Aarish sheikh\.m2\repository\io\ktor\ktor-client-logging-jvm\2.3.7\ktor-client-logging-jvm-2.3.7.jar;C:\Users\Aarish sheikh\.m2\repository\org\jetbrains\kotlinx\kotlinx-serialization-json-jvm\1.6.3\kotlinx-serialization-json-jvm-1.6.3.jar;C:\Users\Aarish sheikh\.m2\repository\org\jetbrains\kotlin\kotlin-stdlib-common\1.9.25\kotlin-stdlib-common-1.9.25.jar;C:\Users\Aarish sheikh\.m2\repository\org\jetbrains\kotlinx\kotlinx-serialization-core-jvm\1.6.3\kotlinx-serialization-core-jvm-1.6.3.jar;C:\Users\Aarish sheikh\.m2\repository\org\jetbrains\kotlinx\kotlinx-coroutines-core-jvm\1.8.1\kotlinx-coroutines-core-jvm-1.8.1.jar;"/>
    <property name="java.vm.vendor" value="Oracle Corporation"/>
    <property name="sun.arch.data.model" value="64"/>
    <property name="user.variant" value=""/>
    <property name="java.vendor.url" value="https://java.oracle.com/"/>
    <property name="user.timezone" value="Asia/Calcutta"/>
    <property name="os.name" value="Windows 11"/>
    <property name="java.vm.specification.version" value="17"/>
    <property name="APPLICATION_NAME" value="Readme"/>
    <property name="sun.java.launcher" value="SUN_STANDARD"/>
    <property name="user.country" value="IN"/>
    <property name="sun.boot.library.path" value="C:\Users\Aarish sheikh\java\jdk-17.0.12\bin"/>
    <property name="sun.java.command" value="C:\Users\Aarish sheikh\AppData\Local\Temp\surefire3214157598421804190\surefirebooter-20250818202110577_3.jar C:\Users\Aarish sheikh\AppData\Local\Temp\surefire3214157598421804190 2025-08-18T20-21-10_226-jvmRun1 surefire-20250818202110577_1tmp surefire_0-20250818202110577_2tmp"/>
    <property name="jdk.debug" value="release"/>
    <property name="surefire.test.class.path" value="C:\D-Drive\College project\Readme\target\test-classes;C:\D-Drive\College project\Readme\target\classes;C:\Users\Aarish sheikh\.m2\repository\org\springframework\boot\spring-boot-starter-data-mongodb\3.5.4\spring-boot-starter-data-mongodb-3.5.4.jar;C:\Users\Aarish sheikh\.m2\repository\org\springframework\boot\spring-boot-starter\3.5.4\spring-boot-starter-3.5.4.jar;C:\Users\Aarish sheikh\.m2\repository\org\springframework\boot\spring-boot\3.5.4\spring-boot-3.5.4.jar;C:\Users\Aarish sheikh\.m2\repository\org\springframework\boot\spring-boot-autoconfigure\3.5.4\spring-boot-autoconfigure-3.5.4.jar;C:\Users\Aarish sheikh\.m2\repository\org\springframework\boot\spring-boot-starter-logging\3.5.4\spring-boot-starter-logging-3.5.4.jar;C:\Users\Aarish sheikh\.m2\repository\ch\qos\logback\logback-classic\1.5.18\logback-classic-1.5.18.jar;C:\Users\Aarish sheikh\.m2\repository\ch\qos\logback\logback-core\1.5.18\logback-core-1.5.18.jar;C:\Users\Aarish sheikh\.m2\repository\org\apache\logging\log4j\log4j-to-slf4j\2.24.3\log4j-to-slf4j-2.24.3.jar;C:\Users\Aarish sheikh\.m2\repository\org\apache\logging\log4j\log4j-api\2.24.3\log4j-api-2.24.3.jar;C:\Users\Aarish sheikh\.m2\repository\org\slf4j\jul-to-slf4j\2.0.17\jul-to-slf4j-2.0.17.jar;C:\Users\Aarish sheikh\.m2\repository\jakarta\annotation\jakarta.annotation-api\2.1.1\jakarta.annotation-api-2.1.1.jar;C:\Users\Aarish sheikh\.m2\repository\org\yaml\snakeyaml\2.4\snakeyaml-2.4.jar;C:\Users\Aarish sheikh\.m2\repository\org\mongodb\mongodb-driver-sync\5.5.1\mongodb-driver-sync-5.5.1.jar;C:\Users\Aarish sheikh\.m2\repository\org\mongodb\bson\5.5.1\bson-5.5.1.jar;C:\Users\Aarish sheikh\.m2\repository\org\mongodb\mongodb-driver-core\5.5.1\mongodb-driver-core-5.5.1.jar;C:\Users\Aarish sheikh\.m2\repository\org\mongodb\bson-record-codec\5.5.1\bson-record-codec-5.5.1.jar;C:\Users\Aarish sheikh\.m2\repository\org\springframework\data\spring-data-mongodb\4.5.2\spring-data-mongodb-4.5.2.jar;C:\Users\Aarish sheikh\.m2\repository\org\springframework\spring-tx\6.2.9\spring-tx-6.2.9.jar;C:\Users\Aarish sheikh\.m2\repository\org\springframework\spring-context\6.2.9\spring-context-6.2.9.jar;C:\Users\Aarish sheikh\.m2\repository\org\springframework\spring-beans\6.2.9\spring-beans-6.2.9.jar;C:\Users\Aarish sheikh\.m2\repository\org\springframework\spring-expression\6.2.9\spring-expression-6.2.9.jar;C:\Users\Aarish sheikh\.m2\repository\org\springframework\data\spring-data-commons\3.5.2\spring-data-commons-3.5.2.jar;C:\Users\Aarish sheikh\.m2\repository\org\slf4j\slf4j-api\2.0.17\slf4j-api-2.0.17.jar;C:\Users\Aarish sheikh\.m2\repository\org\springframework\boot\spring-boot-starter-oauth2-client\3.5.4\spring-boot-starter-oauth2-client-3.5.4.jar;C:\Users\Aarish sheikh\.m2\repository\org\springframework\security\spring-security-config\6.5.2\spring-security-config-6.5.2.jar;C:\Users\Aarish sheikh\.m2\repository\org\springframework\security\spring-security-core\6.5.2\spring-security-core-6.5.2.jar;C:\Users\Aarish sheikh\.m2\repository\org\springframework\security\spring-security-crypto\6.5.2\spring-security-crypto-6.5.2.jar;C:\Users\Aarish sheikh\.m2\repository\io\micrometer\micrometer-observation\1.15.2\micrometer-observation-1.15.2.jar;C:\Users\Aarish sheikh\.m2\repository\io\micrometer\micrometer-commons\1.15.2\micrometer-commons-1.15.2.jar;C:\Users\Aarish sheikh\.m2\repository\org\springframework\security\spring-security-oauth2-client\6.5.2\spring-security-oauth2-client-6.5.2.jar;C:\Users\Aarish sheikh\.m2\repository\org\springframework\security\spring-security-oauth2-core\6.5.2\spring-security-oauth2-core-6.5.2.jar;C:\Users\Aarish sheikh\.m2\repository\com\nimbusds\oauth2-oidc-sdk\9.43.6\oauth2-oidc-sdk-9.43.6.jar;C:\Users\Aarish sheikh\.m2\repository\com\github\stephenc\jcip\jcip-annotations\1.0-1\jcip-annotations-1.0-1.jar;C:\Users\Aarish sheikh\.m2\repository\com\nimbusds\content-type\2.2\content-type-2.2.jar;C:\Users\Aarish sheikh\.m2\repository\com\nimbusds\lang-tag\1.7\lang-tag-1.7.jar;C:\Users\Aarish sheikh\.m2\repository\org\springframework\security\spring-security-oauth2-jose\6.5.2\spring-security-oauth2-jose-6.5.2.jar;C:\Users\Aarish sheikh\.m2\repository\com\nimbusds\nimbus-jose-jwt\9.37.3\nimbus-jose-jwt-9.37.3.jar;C:\Users\Aarish sheikh\.m2\repository\org\springframework\boot\spring-boot-starter-security\3.5.4\spring-boot-starter-security-3.5.4.jar;C:\Users\Aarish sheikh\.m2\repository\org\springframework\spring-aop\6.2.9\spring-aop-6.2.9.jar;C:\Users\Aarish sheikh\.m2\repository\org\springframework\security\spring-security-web\6.5.2\spring-security-web-6.5.2.jar;C:\Users\Aarish sheikh\.m2\repository\org\springframework\boot\spring-boot-starter-web\3.5.4\spring-boot-starter-web-3.5.4.jar;C:\Users\Aarish sheikh\.m2\repository\org\springframework\boot\spring-boot-starter-json\3.5.4\spring-boot-starter-json-3.5.4.jar;C:\Users\Aarish sheikh\.m2\repository\com\fasterxml\jackson\module\jackson-module-parameter-names\2.19.2\jackson-module-parameter-names-2.19.2.jar;C:\Users\Aarish sheikh\.m2\repository\org\springframework\boot\spring-boot-starter-tomcat\3.5.4\spring-boot-starter-tomcat-3.5.4.jar;C:\Users\Aarish sheikh\.m2\repository\org\apache\tomcat\embed\tomcat-embed-core\10.1.43\tomcat-embed-core-10.1.43.jar;C:\Users\Aarish sheikh\.m2\repository\org\apache\tomcat\embed\tomcat-embed-el\10.1.43\tomcat-embed-el-10.1.43.jar;C:\Users\Aarish sheikh\.m2\repository\org\apache\tomcat\embed\tomcat-embed-websocket\10.1.43\tomcat-embed-websocket-10.1.43.jar;C:\Users\Aarish sheikh\.m2\repository\org\springframework\spring-web\6.2.9\spring-web-6.2.9.jar;C:\Users\Aarish sheikh\.m2\repository\org\springframework\spring-webmvc\6.2.9\spring-webmvc-6.2.9.jar;C:\Users\Aarish sheikh\.m2\repository\org\springframework\boot\spring-boot-starter-webflux\3.5.4\spring-boot-starter-webflux-3.5.4.jar;C:\Users\Aarish sheikh\.m2\repository\org\springframework\boot\spring-boot-starter-reactor-netty\3.5.4\spring-boot-starter-reactor-netty-3.5.4.jar;C:\Users\Aarish sheikh\.m2\repository\io\projectreactor\netty\reactor-netty-http\1.2.8\reactor-netty-http-1.2.8.jar;C:\Users\Aarish sheikh\.m2\repository\io\netty\netty-codec-http\4.1.123.Final\netty-codec-http-4.1.123.Final.jar;C:\Users\Aarish sheikh\.m2\repository\io\netty\netty-common\4.1.123.Final\netty-common-4.1.123.Final.jar;C:\Users\Aarish sheikh\.m2\repository\io\netty\netty-buffer\4.1.123.Final\netty-buffer-4.1.123.Final.jar;C:\Users\Aarish sheikh\.m2\repository\io\netty\netty-transport\4.1.123.Final\netty-transport-4.1.123.Final.jar;C:\Users\Aarish sheikh\.m2\repository\io\netty\netty-codec\4.1.123.Final\netty-codec-4.1.123.Final.jar;C:\Users\Aarish sheikh\.m2\repository\io\netty\netty-handler\4.1.123.Final\netty-handler-4.1.123.Final.jar;C:\Users\Aarish sheikh\.m2\repository\io\netty\netty-codec-http2\4.1.123.Final\netty-codec-http2-4.1.123.Final.jar;C:\Users\Aarish sheikh\.m2\repository\io\netty\netty-resolver-dns\4.1.123.Final\netty-resolver-dns-4.1.123.Final.jar;C:\Users\Aarish sheikh\.m2\repository\io\netty\netty-resolver\4.1.123.Final\netty-resolver-4.1.123.Final.jar;C:\Users\Aarish sheikh\.m2\repository\io\netty\netty-codec-dns\4.1.123.Final\netty-codec-dns-4.1.123.Final.jar;C:\Users\Aarish sheikh\.m2\repository\io\netty\netty-resolver-dns-native-macos\4.1.123.Final\netty-resolver-dns-native-macos-4.1.123.Final-osx-x86_64.jar;C:\Users\Aarish sheikh\.m2\repository\io\netty\netty-resolver-dns-classes-macos\4.1.123.Final\netty-resolver-dns-classes-macos-4.1.123.Final.jar;C:\Users\Aarish sheikh\.m2\repository\io\netty\netty-transport-native-epoll\4.1.123.Final\netty-transport-native-epoll-4.1.123.Final-linux-x86_64.jar;C:\Users\Aarish sheikh\.m2\repository\io\netty\netty-transport-native-unix-common\4.1.123.Final\netty-transport-native-unix-common-4.1.123.Final.jar;C:\Users\Aarish sheikh\.m2\repository\io\netty\netty-transport-classes-epoll\4.1.123.Final\netty-transport-classes-epoll-4.1.123.Final.jar;C:\Users\Aarish sheikh\.m2\repository\io\projectreactor\netty\reactor-netty-core\1.2.8\reactor-netty-core-1.2.8.jar;C:\Users\Aarish sheikh\.m2\repository\io\netty\netty-handler-proxy\4.1.123.Final\netty-handler-proxy-4.1.123.Final.jar;C:\Users\Aarish sheikh\.m2\repository\io\netty\netty-codec-socks\4.1.123.Final\netty-codec-socks-4.1.123.Final.jar;C:\Users\Aarish sheikh\.m2\repository\org\springframework\spring-webflux\6.2.9\spring-webflux-6.2.9.jar;C:\Users\Aarish sheikh\.m2\repository\io\projectreactor\reactor-core\3.7.8\reactor-core-3.7.8.jar;C:\Users\Aarish sheikh\.m2\repository\org\reactivestreams\reactive-streams\1.0.4\reactive-streams-1.0.4.jar;C:\Users\Aarish sheikh\.m2\repository\com\google\genai\google-genai\1.9.0\google-genai-1.9.0.jar;C:\Users\Aarish sheikh\.m2\repository\com\google\auth\google-auth-library-oauth2-http\1.33.0\google-auth-library-oauth2-http-1.33.0.jar;C:\Users\Aarish sheikh\.m2\repository\com\google\auto\value\auto-value-annotations\1.11.0\auto-value-annotations-1.11.0.jar;C:\Users\Aarish sheikh\.m2\repository\com\google\code\findbugs\jsr305\3.0.2\jsr305-3.0.2.jar;C:\Users\Aarish sheikh\.m2\repository\com\google\auth\google-auth-library-credentials\1.33.0\google-auth-library-credentials-1.33.0.jar;C:\Users\Aarish sheikh\.m2\repository\com\google\http-client\google-http-client\1.46.2\google-http-client-1.46.2.jar;C:\Users\Aarish sheikh\.m2\repository\io\grpc\grpc-context\1.70.0\grpc-context-1.70.0.jar;C:\Users\Aarish sheikh\.m2\repository\io\grpc\grpc-api\1.70.0\grpc-api-1.70.0.jar;C:\Users\Aarish sheikh\.m2\repository\io\opencensus\opencensus-api\0.31.1\opencensus-api-0.31.1.jar;C:\Users\Aarish sheikh\.m2\repository\io\opencensus\opencensus-contrib-http-util\0.31.1\opencensus-contrib-http-util-0.31.1.jar;C:\Users\Aarish sheikh\.m2\repository\com\google\http-client\google-http-client-gson\1.46.2\google-http-client-gson-1.46.2.jar;C:\Users\Aarish sheikh\.m2\repository\com\google\guava\guava\33.4.0-android\guava-33.4.0-android.jar;C:\Users\Aarish sheikh\.m2\repository\com\google\guava\failureaccess\1.0.2\failureaccess-1.0.2.jar;C:\Users\Aarish sheikh\.m2\repository\com\google\guava\listenablefuture\9999.0-empty-to-avoid-conflict-with-guava\listenablefuture-9999.0-empty-to-avoid-conflict-with-guava.jar;C:\Users\Aarish sheikh\.m2\repository\org\checkerframework\checker-qual\3.43.0\checker-qual-3.43.0.jar;C:\Users\Aarish sheikh\.m2\repository\com\google\errorprone\error_prone_annotations\2.36.0\error_prone_annotations-2.36.0.jar;C:\Users\Aarish sheikh\.m2\repository\com\google\code\gson\gson\2.13.1\gson-2.13.1.jar;C:\Users\Aarish sheikh\.m2\repository\org\apache\httpcomponents\httpclient\4.5.14\httpclient-4.5.14.jar;C:\Users\Aarish sheikh\.m2\repository\org\apache\httpcomponents\httpcore\4.4.16\httpcore-4.4.16.jar;C:\Users\Aarish sheikh\.m2\repository\commons-logging\commons-logging\1.2\commons-logging-1.2.jar;C:\Users\Aarish sheikh\.m2\repository\commons-codec\commons-codec\1.18.0\commons-codec-1.18.0.jar;C:\Users\Aarish sheikh\.m2\repository\com\google\auto\value\auto-value\1.11.0\auto-value-1.11.0.jar;C:\Users\Aarish sheikh\.m2\repository\com\google\api\api-common\2.47.0\api-common-2.47.0.jar;C:\Users\Aarish sheikh\.m2\repository\javax\annotation\javax.annotation-api\1.3.2\javax.annotation-api-1.3.2.jar;C:\Users\Aarish sheikh\.m2\repository\com\google\j2objc\j2objc-annotations\3.0.0\j2objc-annotations-3.0.0.jar;C:\Users\Aarish sheikh\.m2\repository\com\fasterxml\jackson\core\jackson-databind\2.19.2\jackson-databind-2.19.2.jar;C:\Users\Aarish sheikh\.m2\repository\com\fasterxml\jackson\core\jackson-annotations\2.19.2\jackson-annotations-2.19.2.jar;C:\Users\Aarish sheikh\.m2\repository\com\fasterxml\jackson\core\jackson-core\2.19.2\jackson-core-2.19.2.jar;C:\Users\Aarish sheikh\.m2\repository\com\fasterxml\jackson\datatype\jackson-datatype-jdk8\2.19.2\jackson-datatype-jdk8-2.19.2.jar;C:\Users\Aarish sheikh\.m2\repository\com\fasterxml\jackson\datatype\jackson-datatype-jsr310\2.19.2\jackson-datatype-jsr310-2.19.2.jar;C:\Users\Aarish sheikh\.m2\repository\org\java-websocket\Java-WebSocket\1.6.0\Java-WebSocket-1.6.0.jar;C:\Users\Aarish sheikh\.m2\repository\com\squareup\okhttp3\okhttp\4.12.0\okhttp-4.12.0.jar;C:\Users\Aarish sheikh\.m2\repository\com\squareup\okio\okio\3.6.0\okio-3.6.0.jar;C:\Users\Aarish sheikh\.m2\repository\com\squareup\okio\okio-jvm\3.6.0\okio-jvm-3.6.0.jar;C:\Users\Aarish sheikh\.m2\repository\org\jspecify\jspecify\1.0.0\jspecify-1.0.0.jar;C:\Users\Aarish sheikh\.m2\repository\org\jetbrains\kotlin\kotlin-stdlib-jdk8\1.9.25\kotlin-stdlib-jdk8-1.9.25.jar;C:\Users\Aarish sheikh\.m2\repository\org\jetbrains\kotlin\kotlin-stdlib-jdk7\1.9.25\kotlin-stdlib-jdk7-1.9.25.jar;C:\Users\Aarish sheikh\.m2\repository\org\springframework\boot\spring-boot-starter-test\3.5.4\spring-boot-starter-test-3.5.4.jar;C:\Users\Aarish sheikh\.m2\repository\org\springframework\boot\spring-boot-test\3.5.4\spring-boot-test-3.5.4.jar;C:\Users\Aarish sheikh\.m2\repository\org\springframework\boot\spring-boot-test-autoconfigure\3.5.4\spring-boot-test-autoconfigure-3.5.4.jar;C:\Users\Aarish sheikh\.m2\repository\com\jayway\jsonpath\json-path\2.9.0\json-path-2.9.0.jar;C:\Users\Aarish sheikh\.m2\repository\jakarta\xml\bind\jakarta.xml.bind-api\4.0.2\jakarta.xml.bind-api-4.0.2.jar;C:\Users\Aarish sheikh\.m2\repository\jakarta\activation\jakarta.activation-api\2.1.3\jakarta.activation-api-2.1.3.jar;C:\Users\Aarish sheikh\.m2\repository\net\minidev\json-smart\2.5.2\json-smart-2.5.2.jar;C:\Users\Aarish sheikh\.m2\repository\net\minidev\accessors-smart\2.5.2\accessors-smart-2.5.2.jar;C:\Users\Aarish sheikh\.m2\repository\org\ow2\asm\asm\9.7.1\asm-9.7.1.jar;C:\Users\Aarish sheikh\.m2\repository\org\assertj\assertj-core\3.27.3\assertj-core-3.27.3.jar;C:\Users\Aarish sheikh\.m2\repository\net\bytebuddy\byte-buddy\1.17.6\byte-buddy-1.17.6.jar;C:\Users\Aarish sheikh\.m2\repository\org\awaitility\awaitility\4.2.2\awaitility-4.2.2.jar;C:\Users\Aarish sheikh\.m2\repository\org\hamcrest\hamcrest\3.0\hamcrest-3.0.jar;C:\Users\Aarish sheikh\.m2\repository\org\junit\jupiter\junit-jupiter\5.12.2\junit-jupiter-5.12.2.jar;C:\Users\Aarish sheikh\.m2\repository\org\junit\jupiter\junit-jupiter-api\5.12.2\junit-jupiter-api-5.12.2.jar;C:\Users\Aarish sheikh\.m2\repository\org\opentest4j\opentest4j\1.3.0\opentest4j-1.3.0.jar;C:\Users\Aarish sheikh\.m2\repository\org\junit\platform\junit-platform-commons\1.12.2\junit-platform-commons-1.12.2.jar;C:\Users\Aarish sheikh\.m2\repository\org\apiguardian\apiguardian-api\1.1.2\apiguardian-api-1.1.2.jar;C:\Users\Aarish sheikh\.m2\repository\org\junit\jupiter\junit-jupiter-params\5.12.2\junit-jupiter-params-5.12.2.jar;C:\Users\Aarish sheikh\.m2\repository\org\junit\jupiter\junit-jupiter-engine\5.12.2\junit-jupiter-engine-5.12.2.jar;C:\Users\Aarish sheikh\.m2\repository\org\junit\platform\junit-platform-engine\1.12.2\junit-platform-engine-1.12.2.jar;C:\Users\Aarish sheikh\.m2\repository\org\mockito\mockito-core\5.17.0\mockito-core-5.17.0.jar;C:\Users\Aarish sheikh\.m2\repository\net\bytebuddy\byte-buddy-agent\1.17.6\byte-buddy-agent-1.17.6.jar;C:\Users\Aarish sheikh\.m2\repository\org\objenesis\objenesis\3.3\objenesis-3.3.jar;C:\Users\Aarish sheikh\.m2\repository\org\mockito\mockito-junit-jupiter\5.17.0\mockito-junit-jupiter-5.17.0.jar;C:\Users\Aarish sheikh\.m2\repository\org\skyscreamer\jsonassert\1.5.3\jsonassert-1.5.3.jar;C:\Users\Aarish sheikh\.m2\repository\com\vaadin\external\google\android-json\0.0.20131108.vaadin1\android-json-0.0.20131108.vaadin1.jar;C:\Users\Aarish sheikh\.m2\repository\org\springframework\spring-core\6.2.9\spring-core-6.2.9.jar;C:\Users\Aarish sheikh\.m2\repository\org\springframework\spring-jcl\6.2.9\spring-jcl-6.2.9.jar;C:\Users\Aarish sheikh\.m2\repository\org\springframework\spring-test\6.2.9\spring-test-6.2.9.jar;C:\Users\Aarish sheikh\.m2\repository\org\xmlunit\xmlunit-core\2.10.3\xmlunit-core-2.10.3.jar;C:\Users\Aarish sheikh\.m2\repository\org\springframework\security\spring-security-test\6.5.2\spring-security-test-6.5.2.jar;C:\Users\Aarish sheikh\.m2\repository\io\jsonwebtoken\jjwt-api\0.11.5\jjwt-api-0.11.5.jar;C:\Users\Aarish sheikh\.m2\repository\io\jsonwebtoken\jjwt-impl\0.11.5\jjwt-impl-0.11.5.jar;C:\Users\Aarish sheikh\.m2\repository\io\jsonwebtoken\jjwt-jackson\0.11.5\jjwt-jackson-0.11.5.jar;C:\Users\Aarish sheikh\.m2\repository\dev\shreyaspatil\generativeai\generativeai-google-jvm\0.9.0-1.0.1\generativeai-google-jvm-0.9.0-1.0.1.jar;C:\Users\Aarish sheikh\.m2\repository\org\jetbrains\kotlin\kotlin-stdlib\1.9.25\kotlin-stdlib-1.9.25.jar;C:\Users\Aarish sheikh\.m2\repository\org\jetbrains\annotations\13.0\annotations-13.0.jar;C:\Users\Aarish sheikh\.m2\repository\dev\shreyaspatil\generativeai\common-jvm\0.9.0-1.0.1\common-jvm-0.9.0-1.0.1.jar;C:\Users\Aarish sheikh\.m2\repository\io\ktor\ktor-client-okhttp-jvm\2.3.7\ktor-client-okhttp-jvm-2.3.7.jar;C:\Users\Aarish sheikh\.m2\repository\org\jetbrains\kotlinx\kotlinx-coroutines-jdk8\1.8.1\kotlinx-coroutines-jdk8-1.8.1.jar;C:\Users\Aarish sheikh\.m2\repository\io\ktor\ktor-client-core-jvm\2.3.7\ktor-client-core-jvm-2.3.7.jar;C:\Users\Aarish sheikh\.m2\repository\io\ktor\ktor-http-jvm\2.3.7\ktor-http-jvm-2.3.7.jar;C:\Users\Aarish sheikh\.m2\repository\io\ktor\ktor-utils-jvm\2.3.7\ktor-utils-jvm-2.3.7.jar;C:\Users\Aarish sheikh\.m2\repository\io\ktor\ktor-io-jvm\2.3.7\ktor-io-jvm-2.3.7.jar;C:\Users\Aarish sheikh\.m2\repository\io\ktor\ktor-events-jvm\2.3.7\ktor-events-jvm-2.3.7.jar;C:\Users\Aarish sheikh\.m2\repository\io\ktor\ktor-websocket-serialization-jvm\2.3.7\ktor-websocket-serialization-jvm-2.3.7.jar;C:\Users\Aarish sheikh\.m2\repository\org\jetbrains\kotlinx\kotlinx-coroutines-slf4j\1.8.1\kotlinx-coroutines-slf4j-1.8.1.jar;C:\Users\Aarish sheikh\.m2\repository\io\ktor\ktor-client-content-negotiation-jvm\2.3.7\ktor-client-content-negotiation-jvm-2.3.7.jar;C:\Users\Aarish sheikh\.m2\repository\io\ktor\ktor-serialization-jvm\2.3.7\ktor-serialization-jvm-2.3.7.jar;C:\Users\Aarish sheikh\.m2\repository\io\ktor\ktor-websockets-jvm\2.3.7\ktor-websockets-jvm-2.3.7.jar;C:\Users\Aarish sheikh\.m2\repository\io\ktor\ktor-serialization-kotlinx-json-jvm\2.3.7\ktor-serialization-kotlinx-json-jvm-2.3.7.jar;C:\Users\Aarish sheikh\.m2\repository\io\ktor\ktor-serialization-kotlinx-jvm\2.3.7\ktor-serialization-kotlinx-jvm-2.3.7.jar;C:\Users\Aarish sheikh\.m2\repository\io\ktor\ktor-client-logging-jvm\2.3.7\ktor-client-logging-jvm-2.3.7.jar;C:\Users\Aarish sheikh\.m2\repository\org\jetbrains\kotlinx\kotlinx-serialization-json-jvm\1.6.3\kotlinx-serialization-json-jvm-1.6.3.jar;C:\Users\Aarish sheikh\.m2\repository\org\jetbrains\kotlin\kotlin-stdlib-common\1.9.25\kotlin-stdlib-common-1.9.25.jar;C:\Users\Aarish sheikh\.m2\repository\org\jetbrains\kotlinx\kotlinx-serialization-core-jvm\1.6.3\kotlinx-serialization-core-jvm-1.6.3.jar;C:\Users\Aarish sheikh\.m2\repository\org\jetbrains\kotlinx\kotlinx-coroutines-core-jvm\1.8.1\kotlinx-coroutines-core-jvm-1.8.1.jar;"/>
    <property name="sun.cpu.endian" value="little"/>
    <property name="user.home" value="C:\Users\Aarish sheikh"/>
    <property name="user.language" value="en"/>
    <property name="java.specification.vendor" value="Oracle Corporation"/>
    <property name="java.version.date" value="2024-07-16"/>
    <property name="java.home" value="C:\Users\Aarish sheikh\java\jdk-17.0.12"/>
    <property name="file.separator" value="\"/>
    <property name="basedir" value="C:\D-Drive\College project\Readme"/>
    <property name="java.vm.compressedOopsMode" value="32-bit"/>
    <property name="line.separator" value="&#10;"/>
    <property name="java.vm.specification.vendor" value="Oracle Corporation"/>
    <property name="java.specification.name" value="Java Platform API Specification"/>
    <property name="FILE_LOG_CHARSET" value="windows-1252"/>
    <property name="java.awt.headless" value="true"/>
    <property name="surefire.real.class.path" value="C:\Users\Aarish sheikh\AppData\Local\Temp\surefire3214157598421804190\surefirebooter-20250818202110577_3.jar"/>
    <property name="user.script" value=""/>
    <property name="sun.management.compiler" value="HotSpot 64-Bit Tiered Compilers"/>
    <property name="java.runtime.version" value="17.0.12+8-LTS-286"/>
    <property name="user.name" value="Aarish sheikh"/>
    <property name="path.separator" value=";"/>
    <property name="os.version" value="10.0"/>
    <property name="java.runtime.name" value="Java(TM) SE Runtime Environment"/>
    <property name="file.encoding" value="Cp1252"/>
    <property name="java.vm.name" value="Java HotSpot(TM) 64-Bit Server VM"/>
    <property name="localRepository" value="C:\Users\Aarish sheikh\.m2\repository"/>
    <property name="java.vendor.url.bug" value="https://bugreport.java.com/bugreport/"/>
    <property name="java.io.tmpdir" value="C:\Users\Aarish sheikh\AppData\Local\Temp\"/>
    <property name="java.version" value="17.0.12"/>
    <property name="user.dir" value="C:\D-Drive\College project\Readme"/>
    <property name="os.arch" value="amd64"/>
    <property name="java.vm.specification.name" value="Java Virtual Machine Specification"/>
    <property name="PID" value="20596"/>
    <property name="sun.os.patch.level" value=""/>
    <property name="CONSOLE_LOG_CHARSET" value="windows-1252"/>
    <property name="native.encoding" value="Cp1252"/>
    <property name="java.library.path" value="C:\Users\Aarish sheikh\java\jdk-17.0.12\bin;C:\WINDOWS\Sun\Java\bin;C:\WINDOWS\system32;C:\WINDOWS;C:\Program Files\Common Files\Oracle\Java\javapath;C:\WINDOWS\system32;C:\WINDOWS;C:\WINDOWS\System32\Wbem;C:\WINDOWS\System32\WindowsPowerShell\v1.0\;C:\WINDOWS\System32\OpenSSH\;C:\Program Files\dotnet\;C:\Program Files\Java\jdk-20\bin;C:\php;C:\Maven\apache-maven-3.9.9\bin;C:\Program Files\Graphviz\bin;C:\Users\Aarish sheikh\java\jdk-17.0.12\bin;C:\Program Files\MySQL\MySQL Server 8.0\bin;C:\Program Files\MongoDB\Server\8.0\bin;C:\Program Files\Springboot\spring-cli-0.9.0\bin;C:\ProgramData\chocolatey\bin;C:\Users\Aarish sheikh\AppData\Local\Programs\Python\Python313\Scripts;C:\Program Files\Redis\;C:\Program Files\PostgreSQL\13\bin;C:\Users\Aarish sheikh\AppData\Roaming\npm\node_modules;C:\Users\Aarish sheikh\AppData\Roaming\npm;C:\Users\Aarish sheikh\Downloads\sqlite-dll-win-x64-3500100;C:\Users\Aarish sheikh\Downloads\sqlite-tools-win-x64-3500100;C:\Users\Aarish Sheikh\.local\bin\uv.exe;C:\Users\Aarish sheikh\AppData\Local\Programs\Python\Python313;C:\Users\Aarish sheikh\AppData\Local\Microsoft\WindowsApps;C:\Program Files\Git\cmd;C:\Program Files\MongoDB\Server\8.0\bin;C:\Program Files\nodejs\;C:\Users\Aarish sheikh\.local\bin;C:\Users\Aarish sheikh\AppData\Local\Programs\Python\Launcher\;C:\Program Files\Common Files\Oracle\Java\javapath;C:\WINDOWS\system32;C:\WINDOWS;C:\WINDOWS\System32\Wbem;C:\WINDOWS\System32\WindowsPowerShell\v1.0\;C:\WINDOWS\System32\OpenSSH\;C:\Program Files\dotnet\;C:\Program Files\Java\jdk-20\bin;C:\php;C:\Maven\apache-maven-3.9.9\bin;C:\Program Files\Graphviz\bin;C:\Users\Aarish sheikh\java\jdk-17.0.12\bin;C:\Program Files\MySQL\MySQL Server 8.0\bin;C:\Program Files\MongoDB\Server\8.0\bin;C:\Program Files\Springboot\spring-cli-0.9.0\bin;C:\ProgramData\chocolatey\bin;C:\Users\Aarish sheikh\AppData\Local\Programs\Python\Python313\Scripts;C:\Program Files\Redis\;C:\Program Files\PostgreSQL\13\bin;C:\Users\Aarish sheikh\AppData\Roaming\npm\node_modules;C:\Users\Aarish sheikh\AppData\Roaming\npm;C:\Users\Aarish sheikh\Downloads\sqlite-dll-win-x64-3500100;C:\Users\Aarish sheikh\Downloads\sqlite-tools-win-x64-3500100;C:\Users\Aarish Sheikh\.local\bin\uv.exe;C:\Users\Aarish sheikh\AppData\Local\Programs\Python\Python313;C:\Users\Aarish sheikh\AppData\Local\Microsoft\WindowsApps;C:\Program Files\Git\cmd;C:\Program Files\MongoDB\Server\8.0\bin;C:\Program Files\nodejs\;C:\Program Files\PostgreSQL\13\bin;C:\Users\Aarish sheikh\AppData\Local\Programs\Microsoft VS Code\bin;C:\MongoSH\;C:\Users\Aarish sheikh\AppData\Roaming\npm;."/>
    <property name="java.vm.info" value="mixed mode, sharing"/>
    <property name="java.vendor" value="Oracle Corporation"/>
    <property name="java.vm.version" value="17.0.12+8-LTS-286"/>
    <property name="sun.io.unicode.encoding" value="UnicodeLittle"/>
    <property name="java.class.version" value="61.0"/>
    <property name="LOGGED_APPLICATION_NAME" value="[Readme] "/>
  </properties>
  <testcase name="contextLoads" classname="com.project.Readme.ReadmeApplicationTests" time="1.599">
    <system-out><![CDATA[Standard Commons Logging discovery in action with spring-jcl: please remove commons-logging.jar from classpath in order to avoid potential conflicts
20:21:12.745 [main] INFO org.springframework.test.context.support.AnnotationConfigContextLoaderUtils -- Could not detect default configuration classes for test class [com.project.Readme.ReadmeApplicationTests]: ReadmeApplicationTests does not declare any static, non-private, non-final, nested classes annotated with @Configuration.
20:21:13.114 [main] INFO org.springframework.boot.test.context.SpringBootTestContextBootstrapper -- Found @SpringBootConfiguration com.project.Readme.ReadmeApplication for test class com.project.Readme.ReadmeApplicationTests

  .   ____          _            __ _ _
 /\\ / ___'_ __ _ _(_)_ __  __ _ \ \ \ \
( ( )\___ | '_ | '_| | '_ \/ _` | \ \ \ \
 \\/  ___)| |_)| | | | | || (_| |  ) ) ) )
  '  |____| .__|_| |_|_| |_\__, | / / / /
 =========|_|==============|___/=/_/_/_/

 :: Spring Boot ::                (v3.5.4)

2025-08-18T20:21:14.614+05:30  INFO 20596 --- [Readme] [           main] c.project.Readme.ReadmeApplicationTests  : Starting ReadmeApplicationTests using Java 17.0.12 with PID 20596 (started by Aarish sheikh in C:\D-Drive\College project\Readme)
2025-08-18T20:21:14.617+05:30  INFO 20596 --- [Readme] [           main] c.project.Readme.ReadmeApplicationTests  : No active profile set, falling back to 1 default profile: "default"
2025-08-18T20:21:16.648+05:30  INFO 20596 --- [Readme] [           main] .s.d.r.c.RepositoryConfigurationDelegate : Bootstrapping Spring Data MongoDB repositories in DEFAULT mode.
2025-08-18T20:21:17.108+05:30  INFO 20596 --- [Readme] [           main] .s.d.r.c.RepositoryConfigurationDelegate : Finished Spring Data repository scanning in 439 ms. Found 2 MongoDB repository interfaces.
2025-08-18T20:21:18.747+05:30  INFO 20596 --- [Readme] [           main] org.mongodb.driver.client                : MongoClient with metadata {"driver": {"name": "mongo-java-driver|sync|spring-boot", "version": "5.5.1"}, "os": {"type": "Windows", "name": "Windows 11", "architecture": "amd64", "version": "10.0"}, "platform": "Java/Oracle Corporation/17.0.12+8-LTS-286"} created with settings MongoClientSettings{readPreference=primary, writeConcern=WriteConcern{w=null, wTimeout=null ms, journal=null}, retryWrites=true, retryReads=true, readConcern=ReadConcern{level=null}, credential=null, transportSettings=null, commandListeners=[], codecRegistry=ProvidersCodecRegistry{codecProviders=[ValueCodecProvider{}, BsonValueCodecProvider{}, DBRefCodecProvider{}, DBObjectCodecProvider{}, DocumentCodecProvider{}, CollectionCodecProvider{}, IterableCodecProvider{}, MapCodecProvider{}, GeoJsonCodecProvider{}, GridFSFileCodecProvider{}, Jsr310CodecProvider{}, JsonObjectCodecProvider{}, BsonCodecProvider{}, EnumCodecProvider{}, com.mongodb.client.model.mql.ExpressionCodecProvider@33e3bd2e, com.mongodb.Jep395RecordCodecProvider@646d810b, com.mongodb.KotlinCodecProvider@30508066]}, loggerSettings=LoggerSettings{maxDocumentLength=1000}, clusterSettings={hosts=[localhost:27017], srvServiceName=mongodb, mode=SINGLE, requiredClusterType=UNKNOWN, requiredReplicaSetName='null', serverSelector='null', clusterListeners='[]', serverSelectionTimeout='30000 ms', localThreshold='15 ms'}, socketSettings=SocketSettings{connectTimeoutMS=10000, readTimeoutMS=0, receiveBufferSize=0, proxySettings=ProxySettings{host=null, port=null, username=null, password=null}}, heartbeatSocketSettings=SocketSettings{connectTimeoutMS=10000, readTimeoutMS=10000, receiveBufferSize=0, proxySettings=ProxySettings{host=null, port=null, username=null, password=null}}, connectionPoolSettings=ConnectionPoolSettings{maxSize=100, minSize=0, maxWaitTimeMS=120000, maxConnectionLifeTimeMS=0, maxConnectionIdleTimeMS=0, maintenanceInitialDelayMS=0, maintenanceFrequencyMS=60000, connectionPoolListeners=[], maxConnecting=2}, serverSettings=ServerSettings{heartbeatFrequencyMS=10000, minHeartbeatFrequencyMS=500, serverMonitoringMode=AUTO, serverListeners='[]', serverMonitorListeners='[]'}, sslSettings=SslSettings{enabled=false, invalidHostNameAllowed=false, context=null}, applicationName='null', compressorList=[], uuidRepresentation=JAVA_LEGACY, serverApi=null, autoEncryptionSettings=null, dnsClient=null, inetAddressResolver=null, contextProvider=null, timeoutMS=null}
2025-08-18T20:21:18.814+05:30  INFO 20596 --- [Readme] [localhost:27017] org.mongodb.driver.cluster               : Monitor thread successfully connected to server with description ServerDescription{address=localhost:27017, type=STANDALONE, cryptd=false, state=CONNECTED, ok=true, minWireVersion=0, maxWireVersion=25, maxDocumentSize=16777216, logicalSessionTimeoutMinutes=30, roundTripTimeNanos=68422800, minRoundTripTimeNanos=0}
2025-08-18T20:21:21.025+05:30  INFO 20596 --- [Readme] [           main] o.s.b.a.w.s.WelcomePageHandlerMapping    : Adding welcome page: class path resource [static/index.html]
2025-08-18T20:21:22.018+05:30  INFO 20596 --- [Readme] [           main] c.project.Readme.ReadmeApplicationTests  : Started ReadmeApplicationTests in 8.354 seconds (process running for 11.137)
]]></system-out>
  </testcase>
</testsuite>